
=== RUN: make -C /home/validator/ethercat-env systemd.render ===
make: Entering directory '/home/validator/ethercat-env'
systemd.render: OK - staged /home/validator/ethercat-env/build/systemd/epics-ethercat.service
make: Leaving directory '/home/validator/ethercat-env'

=== RUN: sudo make -C /home/validator/ethercat-env systemd.install ===
make: Entering directory '/home/validator/ethercat-env'
doctor[systemd]: present  systemctl    (/usr/bin/systemctl)
doctor[systemd]: present  udevadm      (/usr/bin/udevadm)
doctor[systemd]: present  ldconfig     (/usr/sbin/ldconfig)
doctor[systemd]: OK - all required tools present
doctor[install]: present  install      (/usr/bin/install)
doctor[install]: present  chown        (/usr/bin/chown)
doctor[install]: present  rm           (/usr/bin/rm)
doctor[install]: present  ln           (/usr/bin/ln)
doctor[install]: present  groupadd     (/usr/sbin/groupadd)
doctor[install]: present  groupdel     (/usr/sbin/groupdel)
doctor[install]: present  getent       (/usr/bin/getent)
doctor[install]: present  mktemp       (/usr/bin/mktemp)
doctor[install]: OK - all required tools present
systemd.render: OK - staged /home/validator/ethercat-env/build/systemd/epics-ethercat.service
require-root: OK
guard-path: OK - /etc/systemd/system/epics-ethercat.service
install -m 0644 "/home/validator/ethercat-env/build/systemd/epics-ethercat.service" "/etc/systemd/system/epics-ethercat.service"
systemctl daemon-reload
systemd.install: OK - installed /etc/systemd/system/epics-ethercat.service
make: Leaving directory '/home/validator/ethercat-env'

=== RUN: make -C /home/validator/ethercat-env udev.render ===
make: Entering directory '/home/validator/ethercat-env'
udev.render: OK - staged /home/validator/ethercat-env/build/systemd/99-EtherCAT.rules
make: Leaving directory '/home/validator/ethercat-env'

=== RUN: sudo make -C /home/validator/ethercat-env udev.install ===
make: Entering directory '/home/validator/ethercat-env'
doctor[systemd]: present  systemctl    (/usr/bin/systemctl)
doctor[systemd]: present  udevadm      (/usr/bin/udevadm)
doctor[systemd]: present  ldconfig     (/usr/sbin/ldconfig)
doctor[systemd]: OK - all required tools present
doctor[install]: present  install      (/usr/bin/install)
doctor[install]: present  chown        (/usr/bin/chown)
doctor[install]: present  rm           (/usr/bin/rm)
doctor[install]: present  ln           (/usr/bin/ln)
doctor[install]: present  groupadd     (/usr/sbin/groupadd)
doctor[install]: present  groupdel     (/usr/sbin/groupdel)
doctor[install]: present  getent       (/usr/bin/getent)
doctor[install]: present  mktemp       (/usr/bin/mktemp)
doctor[install]: OK - all required tools present
udev.render: OK - staged /home/validator/ethercat-env/build/systemd/99-EtherCAT.rules
require-root: OK
guard-path: OK - /etc/udev/rules.d/99-EtherCAT.rules
install -m 0644 "/home/validator/ethercat-env/build/systemd/99-EtherCAT.rules" "/etc/udev/rules.d/99-EtherCAT.rules"
udevadm control --reload-rules
udev.install: OK - installed /etc/udev/rules.d/99-EtherCAT.rules
make: Leaving directory '/home/validator/ethercat-env'
FINDING: udev device group ethercat absent: creating it manually

=== RUN: sudo groupadd --system ethercat ===
FINDING: installed prefix config differs from the generated runtime config
FINDING: no runtime install target exists: staging the generated config manually

=== RECORD (failure tolerated): diff -u /opt/ethercat/etc/ethercat.conf /home/validator/ethercat-env/build/ethercat.conf ===
--- /opt/ethercat/etc/ethercat.conf	2026-06-11 09:09:03.559465743 +0000
+++ /home/validator/ethercat-env/build/ethercat.conf	2026-06-11 09:10:52.017490242 +0000
@@ -2,90 +2,48 @@
 #
 #  EtherCAT master configuration file for use with ethercatctl.
 #
-#  vim: spelllang=en spell tw=78
+#  GENERATED FILE - do not edit by hand.
+#  Rendered by `make runtime.generate` from templates/ethercat.conf.in.
+#  Site inputs: configure/ethercatmaster.conf and the selected device profile.
 #
 #------------------------------------------------------------------------------
 
 #
-# Main Ethernet devices.
+# Main Ethernet device for master 0.
 #
-# The MASTER<X>_DEVICE variable specifies the Ethernet device for a master
-# with index 'X'.
+# A MAC address (hex with colons) or a network interface name (resolved to a
+# MAC by the init script via the 'ip' command). The broadcast address
+# "ff:ff:ff:ff:ff:ff" accepts the first device offered by any Ethernet driver.
 #
-# Specify the MAC address (hexadecimal with colons) of the Ethernet device to
-# use. Example: "00:00:08:44:ab:66"
+# A non-empty MASTER0_DEVICE creates one master.
 #
-# Alternatively, a network interface name can be specified. The interface
-# name will be resolved to a MAC address using the 'ip' command.
-# Example: "eth0"
-#
-# The broadcast address "ff:ff:ff:ff:ff:ff" has a special meaning: It tells
-# the master to accept the first device offered by any Ethernet driver.
-#
-# The MASTER<X>_DEVICE variables also determine, how many masters will be
-# created: A non-empty variable MASTER0_DEVICE will create one master, adding a
-# non-empty variable MASTER1_DEVICE will create a second master, and so on.
-#
-# Examples:
-# MASTER0_DEVICE="00:00:08:44:ab:66"
-# MASTER0_DEVICE="eth0"
-#
-MASTER0_DEVICE=""
-#MASTER1_DEVICE=""
+MASTER0_DEVICE="enp0s3"
 
 #
-# Backup Ethernet devices
-#
-# The MASTER<X>_BACKUP variables specify the devices used for redundancy. They
-# behaves nearly the same as the MASTER<X>_DEVICE variable, except that it
-# does not interpret the ff:ff:ff:ff:ff:ff address.
+# Backup Ethernet device for master 0 (redundancy). Empty disables redundancy.
 #
-#MASTER0_BACKUP=""
+MASTER0_BACKUP=""
 
 #
-# Ethernet driver modules to use for EtherCAT operation.
-#
-# Specify a non-empty list of Ethernet drivers, that shall be used for
-# EtherCAT operation.
+# Ethernet driver modules used for EtherCAT operation.
 #
-# Except for the generic Ethernet driver module, the init script will try to
-# unload the usual Ethernet driver modules in the list and replace them with
-# the EtherCAT-capable ones. If a certain (EtherCAT-capable) driver is not
-# found, a warning will appear.
-#
-# Possible values: 8139too, e100, e1000, e1000e, r8169, generic, ccat, igb, igc, genet, dwmac-intel, stmmac-pci.
-# Separate multiple drivers with spaces.
-# A list of all matching kernel versions can be found here:
-# https://docs.etherlab.org/ethercat/1.6/doxygen/devicedrivers.html
-#
-# Note: The e100, e1000, e1000e, r8169, ccat, igb and igc drivers are not built by
-# default. Enable them with the --enable-<driver> configure switches.
-#
-DEVICE_MODULES=""
-
-# If you have any issues about network interfaces not being configured
-# properly, systemd may need some additional infos about your setup.
-# Have a look at the service file, you'll find some details there.
+# Space-separated list. Except for the generic driver, the init script unloads
+# the stock Ethernet driver and replaces it with the EtherCAT-capable one.
+# Possible values: 8139too, e100, e1000, e1000e, r8169, generic, igb,
+# igc, genet, dwmac-intel, stmmac-pci.
 #
+DEVICE_MODULES="generic"
 
 #
-# List of interfaces to bring up and down automatically.
-#
-# Specify a space-separated list of interface names (such as eth0 or
-# enp0s1) that shall be brought up on `ethercatctl start` and down on
-# `ethercatctl stop`.
+# Interfaces brought up on `ethercatctl start` and down on `ethercatctl stop`.
 #
-# When using the generic driver, the corresponding Ethernet device has to be
-# activated before the master is started, otherwise all frames will time out.
-# This the perfect use-case for `UPDOWN_INTERFACES`.
+# Space-separated interface names (such as eth0 or enp3s0). With the generic
+# driver the device must be up before the master starts, or all frames time out.
 #
-UPDOWN_INTERFACES=""
+UPDOWN_INTERFACES="enp0s3"
 
 #
-# Flags for loading kernel modules.
-#
-# This can usually be left empty. Adjust this variable, if you have problems
-# with module loading.
+# Flags for loading kernel modules. Usually left empty.
 #
 #MODPROBE_FLAGS="-b"
 
=== exit code: 1 ===

=== RUN: sudo install -m 0644 /home/validator/ethercat-env/build/ethercat.conf /opt/ethercat/etc/ethercat.conf ===

=== RUN: sudo make -C /home/validator/ethercat-env iface.prepare ===
make: Entering directory '/home/validator/ethercat-env'
doctor[network]: present  ip           (/usr/sbin/ip)
doctor[network]: OK - all required tools present
require-root: OK
iface.prepare: bringing interface enp0s3 up
make: Leaving directory '/home/validator/ethercat-env'

=== RUN: sudo make -C /home/validator/ethercat-env systemd.enable ===
make: Entering directory '/home/validator/ethercat-env'
doctor[systemd]: present  systemctl    (/usr/bin/systemctl)
doctor[systemd]: present  udevadm      (/usr/bin/udevadm)
doctor[systemd]: present  ldconfig     (/usr/sbin/ldconfig)
doctor[systemd]: OK - all required tools present
require-root: OK
systemctl enable epics-ethercat.service
Created symlink '/etc/systemd/system/multi-user.target.wants/epics-ethercat.service' → '/etc/systemd/system/epics-ethercat.service'.
make: Leaving directory '/home/validator/ethercat-env'

=== RUN: sudo make -C /home/validator/ethercat-env systemd.start ===
make: Entering directory '/home/validator/ethercat-env'
doctor[systemd]: present  systemctl    (/usr/bin/systemctl)
doctor[systemd]: present  udevadm      (/usr/bin/udevadm)
doctor[systemd]: present  ldconfig     (/usr/sbin/ldconfig)
doctor[systemd]: OK - all required tools present
require-root: OK
systemctl start epics-ethercat.service
make: Leaving directory '/home/validator/ethercat-env'

=== RUN: systemctl status --no-pager --full epics-ethercat ===
● epics-ethercat.service - EtherCAT Master Kernel Modules (EPICS)
     Loaded: loaded (/etc/systemd/system/epics-ethercat.service; enabled; preset: enabled)
     Active: active (exited) since Thu 2026-06-11 09:11:08 UTC; 10ms ago
 Invocation: 611317470b0042f09ab6d0ace20506bc
       Docs: man:ethercat
             man:ethercatctl
    Process: 18273 ExecStart=/opt/ethercat/sbin/ethercatctl start (code=exited, status=0/SUCCESS)
   Main PID: 18273 (code=exited, status=0/SUCCESS)
   Mem peak: 2.8M
        CPU: 47ms

=== RECORD (failure tolerated): /usr/bin/ethercat master ===
Failed to obtain number of masters: Failed to open master device /dev/EtherCAT0: Permission denied
=== exit code: 1 ===

=== RECORD (failure tolerated): /usr/bin/ethercat slaves ===
Failed to obtain number of masters: Failed to open master device /dev/EtherCAT0: Permission denied
=== exit code: 1 ===

=== RECORD (failure tolerated): ls -l /dev/EtherCAT0 ===
crw-rw---- 1 root root 244, 0 Jun 11 09:11 /dev/EtherCAT0
=== exit code: 0 ===

=== RUN: make -C /home/validator/ethercat-env runtime.status ===
make: Entering directory '/home/validator/ethercat-env'
runtime.status: ===== EtherCAT runtime state (read-only) =====
runtime.status: userspace tool : present (/usr/bin/ethercat)
runtime.status: command link   : symlink -> /opt/ethercat/bin/ethercat
runtime.status: loader fragment: present (/etc/ld.so.conf.d/ethercat.conf)
runtime.status: service        : active=active enabled=enabled
runtime.status: udev rule      : present (/etc/udev/rules.d/99-EtherCAT.rules)
runtime.status: master module  : loaded (ec_master)
runtime.status: master devices : enp0s3
runtime.status: device modules : generic
make: Leaving directory '/home/validator/ethercat-env'

phase 6 complete
